
--------------------------------------------------
TXLib соболезнует...

Программа: C:\Users\d8388\проги codeblocks\quadro\quad.exe,

ВНЕЗАПНО: signal (22, 0x00): SIGABRT: Аварийное завершение программы, вызвана функция abort(). 

С помощью функции signal() вы можете сами обработать эту ошибку.

#1: TXLib [Ver: 00173a, Rev: 173, Date: 2024-06-23 22:37:05 +0400], Instance: 0x005072FC (32-bit), Flags: Cmdre0, Thread: 0x2E58 (Main). 

--------------------------------------------------
Стек вызовов:



--------------------------------------------------
Developed with:

The Dumb Artist Library (TX Library)
TXLib [Ver: 00173a, Rev: 173, Date: 2024-06-23 22:37:05 +0400]
Copyright (C) Ded (Ilya Dedinsky, http://txlib.ru) <mail@txlib.ru>
See license on: http://txlib.ru

TXLib file:	c:\users\d8388\codeblocks\codeblocks\mingw\include\txlib.h
Compiled:	Aug 22 2024 21:21:55, GNU g++ 4.8.1, std=201103L, MinGW Runtime 3.20, 32-bit, DEBUG
Started:	Aug 22 2024 21:22:09

Run file:	C:\Users\d8388\проги codeblocks\quadro\quad.exe
Directory:	C:\Users\d8388\проги codeblocks\quadro

--------------------------------------------------

--------------------------------------------------
TXLib соболезнует...

Программа: C:\Users\d8388\проги codeblocks\quadro\quad.exe,

ВНЕЗАПНО: signal (22, 0x00): SIGABRT: Аварийное завершение программы, вызвана функция abort(). 

С помощью функции signal() вы можете сами обработать эту ошибку.

#1: TXLib [Ver: 00173a, Rev: 173, Date: 2024-06-23 22:37:05 +0400], Instance: 0x005072FC (32-bit), Flags: Cmdre0, Thread: 0x3B04 (Main). 

--------------------------------------------------
Стек вызовов:



--------------------------------------------------
Developed with:

The Dumb Artist Library (TX Library)
TXLib [Ver: 00173a, Rev: 173, Date: 2024-06-23 22:37:05 +0400]
Copyright (C) Ded (Ilya Dedinsky, http://txlib.ru) <mail@txlib.ru>
See license on: http://txlib.ru

TXLib file:	c:\users\d8388\codeblocks\codeblocks\mingw\include\txlib.h
Compiled:	Aug 22 2024 21:21:55, GNU g++ 4.8.1, std=201103L, MinGW Runtime 3.20, 32-bit, DEBUG
Started:	Aug 22 2024 21:22:43

Run file:	C:\Users\d8388\проги codeblocks\quadro\quad.exe
Directory:	C:\Users\d8388\проги codeblocks\quadro

--------------------------------------------------
